# JRE version: OpenJDK Runtime Environment (15.0.2+7) (build 15.0.2+7-27)
# Java VM: OpenJDK 64-Bit Server VM (15.0.2+7-27, mixed mode, tiered, compressed oops, g1 gc, windows-amd64)
GC Precious Log:
 CPUs: 8 total, 8 available
 Memory: 11930M
 Large Page Support: Disabled
 NUMA Support: Disabled
 Compressed Oops: Enabled (Zero based)
 Heap Region Size: 2M
 Heap Min Capacity: 8M
 Heap Initial Capacity: 188M
 Heap Max Capacity: 2984M
 Pre-touch: Disabled
 Parallel Workers: 8
 Concurrent Workers: 2
 Concurrent Refinement Workers: 8
 Periodic GC: Disabled
Heap:
 garbage-first heap   total 133120K, used 33050K [0x0000000745800000, 0x0000000800000000)
  region size 2048K, 3 young (6144K), 1 survivors (2048K)
 Metaspace       used 23244K, capacity 23473K, committed 23728K, reserved 1071104K
  class space    used 2200K, capacity 2295K, committed 2304K, reserved 1048576K
GC Heap History (20 events):
Event: 19.915 GC heap before
{Heap before GC invocations=72 (full 0):
 garbage-first heap   total 133120K, used 108407K [0x0000000745800000, 0x0000000800000000)
  region size 2048K, 39 young (79872K), 1 survivors (2048K)
 Metaspace       used 22940K, capacity 23153K, committed 23472K, reserved 1071104K
  class space    used 2167K, capacity 2231K, committed 2304K, reserved 1048576K
}
Event: 19.917 GC heap after
{Heap after GC invocations=73 (full 0):
 garbage-first heap   total 133120K, used 30620K [0x0000000745800000, 0x0000000800000000)
  region size 2048K, 1 young (2048K), 1 survivors (2048K)
 Metaspace       used 22940K, capacity 23153K, committed 23472K, reserved 1071104K
  class space    used 2167K, capacity 2231K, committed 2304K, reserved 1048576K
}
Event: 20.183 GC heap before
{Heap before GC invocations=73 (full 0):
 garbage-first heap   total 133120K, used 108444K [0x0000000745800000, 0x0000000800000000)
  region size 2048K, 39 young (79872K), 1 survivors (2048K)
 Metaspace       used 22959K, capacity 23153K, committed 23472K, reserved 1071104K
  class space    used 2167K, capacity 2231K, committed 2304K, reserved 1048576K
}
Event: 20.185 GC heap after
{Heap after GC invocations=74 (full 0):
 garbage-first heap   total 133120K, used 30666K [0x0000000745800000, 0x0000000800000000)
  region size 2048K, 1 young (2048K), 1 survivors (2048K)
 Metaspace       used 22959K, capacity 23153K, committed 23472K, reserved 1071104K
  class space    used 2167K, capacity 2231K, committed 2304K, reserved 1048576K
}
Event: 20.309 GC heap before
{Heap before GC invocations=74 (full 0):
 garbage-first heap   total 133120K, used 108490K [0x0000000745800000, 0x0000000800000000)
  region size 2048K, 39 young (79872K), 1 survivors (2048K)
 Metaspace       used 22961K, capacity 23153K, committed 23472K, reserved 1071104K
  class space    used 2167K, capacity 2231K, committed 2304K, reserved 1048576K
}
Event: 20.311 GC heap after
{Heap after GC invocations=75 (full 0):
 garbage-first heap   total 133120K, used 30717K [0x0000000745800000, 0x0000000800000000)
  region size 2048K, 1 young (2048K), 1 survivors (2048K)
 Metaspace       used 22961K, capacity 23153K, committed 23472K, reserved 1071104K
  class space    used 2167K, capacity 2231K, committed 2304K, reserved 1048576K
}
Event: 20.551 GC heap before
{Heap before GC invocations=75 (full 0):
 garbage-first heap   total 133120K, used 108541K [0x0000000745800000, 0x0000000800000000)
  region size 2048K, 39 young (79872K), 1 survivors (2048K)
 Metaspace       used 22967K, capacity 23153K, committed 23472K, reserved 1071104K
  class space    used 2167K, capacity 2231K, committed 2304K, reserved 1048576K
}
Event: 20.552 GC heap after
{Heap after GC invocations=76 (full 0):
 garbage-first heap   total 133120K, used 30736K [0x0000000745800000, 0x0000000800000000)
  region size 2048K, 1 young (2048K), 1 survivors (2048K)
 Metaspace       used 22967K, capacity 23153K, committed 23472K, reserved 1071104K
  class space    used 2167K, capacity 2231K, committed 2304K, reserved 1048576K
}
Event: 20.721 GC heap before
{Heap before GC invocations=76 (full 0):
 garbage-first heap   total 133120K, used 108560K [0x0000000745800000, 0x0000000800000000)
  region size 2048K, 39 young (79872K), 1 survivors (2048K)
 Metaspace       used 22971K, capacity 23153K, committed 23472K, reserved 1071104K
  class space    used 2167K, capacity 2231K, committed 2304K, reserved 1048576K
}
Event: 20.723 GC heap after
{Heap after GC invocations=77 (full 0):
 garbage-first heap   total 133120K, used 30788K [0x0000000745800000, 0x0000000800000000)
  region size 2048K, 1 young (2048K), 1 survivors (2048K)
 Metaspace       used 22971K, capacity 23153K, committed 23472K, reserved 1071104K
  class space    used 2167K, capacity 2231K, committed 2304K, reserved 1048576K
}
Event: 20.952 GC heap before
{Heap before GC invocations=77 (full 0):
 garbage-first heap   total 133120K, used 108612K [0x0000000745800000, 0x0000000800000000)
  region size 2048K, 39 young (79872K), 1 survivors (2048K)
 Metaspace       used 22972K, capacity 23153K, committed 23472K, reserved 1071104K
  class space    used 2167K, capacity 2231K, committed 2304K, reserved 1048576K
}
Event: 20.954 GC heap after
{Heap after GC invocations=78 (full 0):
 garbage-first heap   total 133120K, used 30834K [0x0000000745800000, 0x0000000800000000)
  region size 2048K, 1 young (2048K), 1 survivors (2048K)
 Metaspace       used 22972K, capacity 23153K, committed 23472K, reserved 1071104K
  class space    used 2167K, capacity 2231K, committed 2304K, reserved 1048576K
}
Event: 21.185 GC heap before
{Heap before GC invocations=78 (full 0):
 garbage-first heap   total 133120K, used 108658K [0x0000000745800000, 0x0000000800000000)
  region size 2048K, 39 young (79872K), 1 survivors (2048K)
 Metaspace       used 22972K, capacity 23153K, committed 23472K, reserved 1071104K
  class space    used 2167K, capacity 2231K, committed 2304K, reserved 1048576K
}
Event: 21.186 GC heap after
{Heap after GC invocations=79 (full 0):
 garbage-first heap   total 133120K, used 30859K [0x0000000745800000, 0x0000000800000000)
  region size 2048K, 1 young (2048K), 1 survivors (2048K)
 Metaspace       used 22972K, capacity 23153K, committed 23472K, reserved 1071104K
  class space    used 2167K, capacity 2231K, committed 2304K, reserved 1048576K
}
Event: 21.358 GC heap before
{Heap before GC invocations=79 (full 0):
 garbage-first heap   total 133120K, used 108683K [0x0000000745800000, 0x0000000800000000)
  region size 2048K, 39 young (79872K), 1 survivors (2048K)
 Metaspace       used 22972K, capacity 23153K, committed 23472K, reserved 1071104K
  class space    used 2167K, capacity 2231K, committed 2304K, reserved 1048576K
}
Event: 21.360 GC heap after
{Heap after GC invocations=80 (full 0):
 garbage-first heap   total 133120K, used 30900K [0x0000000745800000, 0x0000000800000000)
  region size 2048K, 1 young (2048K), 1 survivors (2048K)
 Metaspace       used 22972K, capacity 23153K, committed 23472K, reserved 1071104K
  class space    used 2167K, capacity 2231K, committed 2304K, reserved 1048576K
}
Event: 21.568 GC heap before
{Heap before GC invocations=80 (full 0):
 garbage-first heap   total 133120K, used 108724K [0x0000000745800000, 0x0000000800000000)
  region size 2048K, 39 young (79872K), 1 survivors (2048K)
 Metaspace       used 22972K, capacity 23153K, committed 23472K, reserved 1071104K
  class space    used 2167K, capacity 2231K, committed 2304K, reserved 1048576K
}
Event: 21.570 GC heap after
{Heap after GC invocations=81 (full 0):
 garbage-first heap   total 133120K, used 30933K [0x0000000745800000, 0x0000000800000000)
  region size 2048K, 1 young (2048K), 1 survivors (2048K)
 Metaspace       used 22972K, capacity 23153K, committed 23472K, reserved 1071104K
  class space    used 2167K, capacity 2231K, committed 2304K, reserved 1048576K
}
Event: 21.720 GC heap before
{Heap before GC invocations=81 (full 0):
 garbage-first heap   total 133120K, used 108757K [0x0000000745800000, 0x0000000800000000)
  region size 2048K, 39 young (79872K), 1 survivors (2048K)
 Metaspace       used 22973K, capacity 23153K, committed 23472K, reserved 1071104K
  class space    used 2167K, capacity 2231K, committed 2304K, reserved 1048576K
}
Event: 21.722 GC heap after
{Heap after GC invocations=82 (full 0):
 garbage-first heap   total 133120K, used 31002K [0x0000000745800000, 0x0000000800000000)
  region size 2048K, 1 young (2048K), 1 survivors (2048K)
 Metaspace       used 22973K, capacity 23153K, committed 23472K, reserved 1071104K
  class space    used 2167K, capacity 2231K, committed 2304K, reserved 1048576K
}

